#
# A fatal error has been detected by the Java Runtime Environment:
#
#  EXCEPTION_ACCESS_VIOLATION (0xc0000005) at pc=0x00000000697f5480, pid=2204, tid=6016
#
# JRE version: Java(TM) SE Runtime Environment (7.0_40-b43) (build 1.7.0_40-b43)
# Java VM: Java HotSpot(TM) 64-Bit Server VM (24.0-b56 mixed mode windows-amd64 compressed oops)
# Problematic frame:
# C  [atio6axx.dll+0x7c5480]
#
# Failed to write core dump. Minidumps are not enabled by default on client versions of Windows
#
# If you would like to submit a bug report, please visit:
#   http://bugreport.sun.com/bugreport/crash.jsp
# The crash happened outside the Java Virtual Machine in native code.
# See problematic frame for where to report the bug.
#

---------------  T H R E A D  ---------------

Current thread (0x00000000024bf000):  JavaThread "main" [_thread_in_native, id=6016, stack(0x00000000026f0000,0x00000000027f0000)]

siginfo: ExceptionCode=0xc0000005, reading address 0x0000000000000000

Registers:
RAX=0x0000000000000003, RBX=0x000000000edcd000, RCX=0x000000000edcd000, RDX=0x0000000000000000
RSP=0x00000000027ef020, RBP=0x0000000000000000, RSI=0x0000000000000840, RDI=0x0000000000000030
R8 =0x000000000edcd030, R9 =0xfffffffff1233000, R10=0x000000000edcd011, R11=0x0000000000000000
R12=0x000000006a515200, R13=0x000000006a539c28, R14=0x0000000000000003, R15=0x0000000000000001
RIP=0x00000000697f5480, EFLAGS=0x0000000000010287

Top of Stack: (sp=0x00000000027ef020)
0x00000000027ef020:   0000000000000010 00000000698f1337
0x00000000027ef030:   000000000001d000 0000000000000000
0x00000000027ef040:   000000000003fc00 000000000bb37d20
0x00000000027ef050:   000000000baf8460 000000000e1813f8
0x00000000027ef060:   0000000000000010 000000000dfd2e80
0x00000000027ef070:   000000000dfd2e90 000000006a1ca66b
0x00000000027ef080:   0000000000000002 0000000000000010
0x00000000027ef090:   0000000000000008 00000000690f07e1
0x00000000027ef0a0:   000000000003fc00 0000000000000000
0x00000000027ef0b0:   000000000baf8460 000000000e1813f8
0x00000000027ef0c0:   0000000000000030 000000000bafc490
0x00000000027ef0d0:   000000000e0d1d80 000000006a1ca66b
0x00000000027ef0e0:   0000000000000002 0000000000000030
0x00000000027ef0f0:   0000000000000040 0000000000000000
0x00000000027ef100:   0000000000000008 00000000690f07e1
0x00000000027ef110:   0000000000000000 000000000bafc490 

Instructions: (pc=0x00000000697f5480)
0x00000000697f5460:   ef 48 83 c4 08 c3 45 8b c0 4c 03 c1 4d 8d 50 e1
0x00000000697f5470:   49 3b ca 73 38 4c 8b ca 4c 2b c9 0f 1f 44 00 00
0x00000000697f5480:   48 8b 02 48 83 c1 20 48 83 c2 20 48 89 41 e0 49
0x00000000697f5490:   8b 44 09 e8 48 89 41 e8 48 8b 42 f0 48 89 41 f0 


Register to memory mapping:

RAX=0x0000000000000003 is an unknown value
RBX=0x000000000edcd000 is an unknown value
RCX=0x000000000edcd000 is an unknown value
RDX=0x0000000000000000 is an unknown value
RSP=0x00000000027ef020 is pointing into the stack for thread: 0x00000000024bf000
RBP=0x0000000000000000 is an unknown value
RSI=0x0000000000000840 is an unknown value
RDI=0x0000000000000030 is an unknown value
R8 =0x000000000edcd030 is an unknown value
R9 =0xfffffffff1233000 is an unknown value
R10=0x000000000edcd011 is an unknown value
R11=0x0000000000000000 is an unknown value
R12=0x000000006a515200 is an unknown value
R13=0x000000006a539c28 is an unknown value
R14=0x0000000000000003 is an unknown value
R15=0x0000000000000001 is an unknown value


Stack: [0x00000000026f0000,0x00000000027f0000],  sp=0x00000000027ef020,  free space=1020k
Native frames: (J=compiled Java code, j=interpreted, Vv=VM code, C=native code)
C  [atio6axx.dll+0x7c5480]

[error occurred during error reporting (printing native stack), id 0xc0000005]

Java frames: (J=compiled Java code, j=interpreted, Vv=VM code)
j  org.lwjgl.opengl.GL11.nglDrawArrays(IIIJ)V+0
j  org.lwjgl.opengl.GL11.glDrawArrays(III)V+20
j  game.Game.draw()V+36
j  game.Game.render()V+7
j  game.Game.start()V+63
j  game.Game.main([Ljava/lang/String;)V+7
v  ~StubRoutines::call_stub

---------------  P R O C E S S  ---------------

Java Threads: ( => current thread )
  0x0000000008cb4000 JavaThread "Service Thread" daemon [_thread_blocked, id=304, stack(0x0000000009e80000,0x0000000009f80000)]
  0x0000000008cad000 JavaThread "C2 CompilerThread1" daemon [_thread_blocked, id=2552, stack(0x000000000a0c0000,0x000000000a1c0000)]
  0x0000000008c9f000 JavaThread "C2 CompilerThread0" daemon [_thread_blocked, id=6980, stack(0x0000000009fb0000,0x000000000a0b0000)]
  0x0000000008c9d000 JavaThread "Attach Listener" daemon [_thread_blocked, id=3852, stack(0x0000000009d50000,0x0000000009e50000)]
  0x0000000008c9b800 JavaThread "Signal Dispatcher" daemon [_thread_blocked, id=5824, stack(0x0000000009c40000,0x0000000009d40000)]
  0x00000000025bf000 JavaThread "Finalizer" daemon [_thread_blocked, id=7164, stack(0x0000000009770000,0x0000000009870000)]
  0x00000000025b9000 JavaThread "Reference Handler" daemon [_thread_blocked, id=4432, stack(0x0000000009a70000,0x0000000009b70000)]
=>0x00000000024bf000 JavaThread "main" [_thread_in_native, id=6016, stack(0x00000000026f0000,0x00000000027f0000)]

Other Threads:
  0x0000000008c42000 VMThread [stack: 0x0000000009870000,0x0000000009970000] [id=6164]
  0x0000000008cbd800 WatcherThread [stack: 0x000000000a330000,0x000000000a430000] [id=6780]

VM state:not at safepoint (normal execution)

VM Mutex/Monitor currently owned by a thread: None

Heap
 PSYoungGen      total 24576K, used 3843K [0x00000000e5500000, 0x00000000e7000000, 0x0000000100000000)
  eden space 21504K, 17% used [0x00000000e5500000,0x00000000e58c0db8,0x00000000e6a00000)
  from space 3072K, 0% used [0x00000000e6d00000,0x00000000e6d00000,0x00000000e7000000)
  to   space 3072K, 0% used [0x00000000e6a00000,0x00000000e6a00000,0x00000000e6d00000)
 ParOldGen       total 54272K, used 0K [0x00000000b0000000, 0x00000000b3500000, 0x00000000e5500000)
  object space 54272K, 0% used [0x00000000b0000000,0x00000000b0000000,0x00000000b3500000)
 PSPermGen       total 21504K, used 4106K [0x00000000aae00000, 0x00000000ac300000, 0x00000000b0000000)
  object space 21504K, 19% used [0x00000000aae00000,0x00000000ab202920,0x00000000ac300000)

Card table byte_map: [0x00000000057f0000,0x0000000005aa0000] byte_map_base: 0x0000000005299000

Polling page: 0x0000000000250000

Code Cache  [0x00000000027f0000, 0x0000000002a60000, 0x00000000057f0000)
 total_blobs=321 nmethods=20 adapters=255 free_code_cache=48687Kb largest_free_block=49844864

Compilation events (10 events):
Event: 0.815 Thread 0x0000000008cad000 nmethod 16 0x000000000285fc50 code [0x000000000285fd80, 0x000000000285fe18]
Event: 0.816 Thread 0x0000000008cad000   17             java.nio.Buffer::nextGetIndex (31 bytes)
Event: 0.817 Thread 0x0000000008cad000 nmethod 17 0x000000000285fa10 code [0x000000000285fb40, 0x000000000285fbb8]
Event: 0.817 Thread 0x0000000008cad000   18             java.nio.StringCharBuffer::get (19 bytes)
Event: 0.819 Thread 0x0000000008cad000 nmethod 18 0x000000000285f590 code [0x000000000285f6e0, 0x000000000285f818]
Event: 0.820 Thread 0x0000000008cad000   19             org.lwjgl.MemoryUtil$CharSequenceNT::charAt (28 bytes)
Event: 0.821 Thread 0x0000000008cad000 nmethod 19 0x0000000002863610 code [0x0000000002863760, 0x0000000002863838]
Event: 0.823 Thread 0x0000000008c9f000 nmethod 14 0x0000000002862a50 code [0x0000000002862c00, 0x00000000028630e0]
Event: 0.848 Thread 0x0000000008cad000   20             java.lang.String::equals (81 bytes)
Event: 0.852 Thread 0x0000000008cad000 nmethod 20 0x0000000002862550 code [0x00000000028626a0, 0x00000000028628d8]

GC Heap History (0 events):
No events

Deoptimization events (0 events):
No events

Internal exceptions (10 events):
Event: 0.741 Thread 0x00000000024bf000 Threw 0x00000000e578c500 at C:\jdk7u2_64p\jdk7u40\hotspot\src\share\vm\prims\jvm.cpp:1244
Event: 0.742 Thread 0x00000000024bf000 Threw 0x00000000e5790730 at C:\jdk7u2_64p\jdk7u40\hotspot\src\share\vm\prims\jvm.cpp:1244
Event: 0.744 Thread 0x00000000024bf000 Threw 0x00000000e5794c00 at C:\jdk7u2_64p\jdk7u40\hotspot\src\share\vm\prims\jvm.cpp:1244
Event: 0.755 Thread 0x00000000024bf000 Threw 0x00000000e57ce608 at C:\jdk7u2_64p\jdk7u40\hotspot\src\share\vm\prims\jvm.cpp:1244
Event: 0.758 Thread 0x00000000024bf000 Threw 0x00000000e57d6c78 at C:\jdk7u2_64p\jdk7u40\hotspot\src\share\vm\prims\jvm.cpp:1244
Event: 0.765 Thread 0x00000000024bf000 Threw 0x00000000e58026d0 at C:\jdk7u2_64p\jdk7u40\hotspot\src\share\vm\prims\jvm.cpp:1244
Event: 0.874 Thread 0x00000000024bf000 Threw 0x00000000e588cc60 at C:\jdk7u2_64p\jdk7u40\hotspot\src\share\vm\prims\jvm.cpp:1244
Event: 0.953 Thread 0x00000000024bf000 Threw 0x00000000e5891840 at C:\jdk7u2_64p\jdk7u40\hotspot\src\share\vm\prims\jvm.cpp:1244
Event: 0.955 Thread 0x00000000024bf000 Threw 0x00000000e5898360 at C:\jdk7u2_64p\jdk7u40\hotspot\src\share\vm\prims\jvm.cpp:1244
Event: 1.155 Thread 0x00000000024bf000 Threw 0x00000000e58b0570 at C:\jdk7u2_64p\jdk7u40\hotspot\src\share\vm\prims\jvm.cpp:1244

Events (10 events):
Event: 0.874 loading class 0x000000000a532ec0
Event: 0.874 loading class 0x000000000a532ec0 done
Event: 0.953 loading class 0x0000000008d1ddc0
Event: 0.953 loading class 0x0000000008d1ddc0 done
Event: 0.955 loading class 0x0000000008cb4e30
Event: 0.955 loading class 0x0000000008cb4e30 done
Event: 1.154 loading class 0x000000000254ec80
Event: 1.154 loading class 0x000000000254ec80 done
Event: 1.155 loading class 0x0000000008cb4e90
Event: 1.155 loading class 0x0000000008cb4e90 done


Dynamic libraries:
0x000000013fb80000 - 0x000000013fbb3000 	C:\Program Files\Java\jdk1.7.0_40\bin\javaw.exe
0x0000000076dd0000 - 0x0000000076f79000 	C:\Windows\SYSTEM32\ntdll.dll
0x0000000076cb0000 - 0x0000000076dcf000 	C:\Windows\system32\kernel32.dll
0x000007fefd080000 - 0x000007fefd0eb000 	C:\Windows\system32\KERNELBASE.dll
0x000007fefe3f0000 - 0x000007fefe4cb000 	C:\Windows\system32\ADVAPI32.dll
0x000007feff040000 - 0x000007feff0df000 	C:\Windows\system32\msvcrt.dll
0x000007fefe4d0000 - 0x000007fefe4ef000 	C:\Windows\SYSTEM32\sechost.dll
0x000007fefee40000 - 0x000007fefef6d000 	C:\Windows\system32\RPCRT4.dll
0x0000000076bb0000 - 0x0000000076caa000 	C:\Windows\system32\USER32.dll
0x000007fefd0f0000 - 0x000007fefd157000 	C:\Windows\system32\GDI32.dll
0x000007fefd160000 - 0x000007fefd16e000 	C:\Windows\system32\LPK.dll
0x000007fefef70000 - 0x000007feff039000 	C:\Windows\system32\USP10.dll
0x000007fefb900000 - 0x000007fefbaf4000 	C:\Windows\WinSxS\amd64_microsoft.windows.common-controls_6595b64144ccf1df_6.0.7601.17514_none_fa396087175ac9ac\COMCTL32.dll
0x000007fefe770000 - 0x000007fefe7e1000 	C:\Windows\system32\SHLWAPI.dll
0x000007fefeb00000 - 0x000007fefeb2e000 	C:\Windows\system32\IMM32.DLL
0x000007fefe970000 - 0x000007fefea79000 	C:\Windows\system32\MSCTF.dll
0x0000000074ac0000 - 0x0000000074af8000 	C:\PROGRA~2\Sophos\SOPHOS~1\SOPHOS~2.DLL
0x0000000076fa0000 - 0x0000000076fa7000 	C:\Windows\system32\PSAPI.DLL
0x000000005e7f0000 - 0x000000005e8c1000 	C:\Program Files\Java\jdk1.7.0_40\jre\bin\msvcr100.dll
0x000000006bab0000 - 0x000000006c279000 	C:\Program Files\Java\jdk1.7.0_40\jre\bin\server\jvm.dll
0x000007fef9060000 - 0x000007fef9069000 	C:\Windows\system32\WSOCK32.dll
0x000007fefe7f0000 - 0x000007fefe83d000 	C:\Windows\system32\WS2_32.dll
0x000007fefeb30000 - 0x000007fefeb38000 	C:\Windows\system32\NSI.dll
0x000007fefaae0000 - 0x000007fefab1b000 	C:\Windows\system32\WINMM.dll
0x0000000072770000 - 0x000000007277f000 	C:\Program Files\Java\jdk1.7.0_40\jre\bin\verify.dll
0x000000006eb60000 - 0x000000006eb88000 	C:\Program Files\Java\jdk1.7.0_40\jre\bin\java.dll
0x000000006eba0000 - 0x000000006ebb5000 	C:\Program Files\Java\jdk1.7.0_40\jre\bin\zip.dll
0x0000000180000000 - 0x0000000180051000 	C:\Users\alex.yang\git\java-swing-practice\WebGamePractice\lib\natives-win\lwjgl64.dll
0x000007fef0910000 - 0x000007fef0a2d000 	C:\Windows\system32\OPENGL32.dll
0x000007fef20b0000 - 0x000007fef20dd000 	C:\Windows\system32\GLU32.dll
0x000007feef3f0000 - 0x000007feef4e1000 	C:\Windows\system32\DDRAW.dll
0x000007fefabd0000 - 0x000007fefabd8000 	C:\Windows\system32\DCIMAN32.dll
0x000007fefdf60000 - 0x000007fefe137000 	C:\Windows\system32\SETUPAPI.dll
0x000007fefcfe0000 - 0x000007fefd016000 	C:\Windows\system32\CFGMGR32.dll
0x000007fefe4f0000 - 0x000007fefe5c7000 	C:\Windows\system32\OLEAUT32.dll
0x000007fefe140000 - 0x000007fefe343000 	C:\Windows\system32\ole32.dll
0x000007fefd060000 - 0x000007fefd07a000 	C:\Windows\system32\DEVOBJ.dll
0x000007fefb340000 - 0x000007fefb358000 	C:\Windows\system32\dwmapi.dll
0x000007fefbe20000 - 0x000007fefbe2c000 	C:\Windows\system32\VERSION.dll
0x000007fefb8a0000 - 0x000007fefb8f6000 	C:\Windows\system32\uxtheme.dll
0x000007fef3d60000 - 0x000007fef3fc8000 	C:\Windows\winipbin\svrltmgr.dll
0x000007fef9130000 - 0x000007fef9148000 	C:\Windows\system32\MPR.dll
0x000007fefd1d0000 - 0x000007fefdf58000 	C:\Windows\system32\SHELL32.dll
0x000007fefcbc0000 - 0x000007fefcbe5000 	C:\Windows\system32\SspiCli.dll
0x000007fefcb90000 - 0x000007fefcb9b000 	C:\Windows\system32\secur32.dll
0x000007fef2a40000 - 0x000007fef2a94000 	C:\Windows\system32\OLEACC.DLL
0x000007fef8550000 - 0x000007fef8558000 	C:\Windows\system32\atig6pxx.dll
0x0000000069030000 - 0x000000006a67b000 	C:\Windows\system32\atio6axx.dll
0x000007fef84a0000 - 0x000007fef84ae000 	C:\Windows\system32\atig6txx.dll
0x0000000070580000 - 0x0000000070648000 	C:\Windows\system32\aticfx64.dll
0x0000000001c70000 - 0x0000000001ccd000 	C:\Windows\system32\atiadlxx.dll
0x000007fefc040000 - 0x000007fefc05e000 	C:\Windows\system32\USERENV.dll
0x000007fefcd20000 - 0x000007fefcd2f000 	C:\Windows\system32\profapi.dll
0x000007fefbe60000 - 0x000007fefbe71000 	C:\Windows\system32\WTSAPI32.dll
0x0000000002440000 - 0x0000000002479000 	C:\Windows\system32\WINTRUST.dll
0x000007fefcdd0000 - 0x000007fefcf3a000 	C:\Windows\system32\CRYPT32.dll
0x000007fefcdc0000 - 0x000007fefcdcf000 	C:\Windows\system32\MSASN1.dll
0x000007fefcc50000 - 0x000007fefcc5f000 	C:\Windows\system32\CRYPTBASE.dll
0x000007fefeda0000 - 0x000007fefee39000 	C:\Windows\system32\CLBCatQ.DLL
0x000007fef2240000 - 0x000007fef22dc000 	C:\Windows\system32\mscms.dll
0x000007fef19a0000 - 0x000007fef19e2000 	C:\Windows\system32\icm32.dll
0x00000000725d0000 - 0x0000000072620000 	C:\Program Files\UltraMon\RTSUltraMonHook.dll
0x000007fefa2c0000 - 0x000007fefa5d7000 	C:\Windows\system32\msi.dll
0x0000000072410000 - 0x0000000072461000 	C:\Program Files\UltraMon\UltraMonResButtons.dll
0x000007fefb680000 - 0x000007fefb896000 	C:\Windows\WinSxS\amd64_microsoft.windows.gdiplus_6595b64144ccf1df_1.1.7601.17825_none_2b253c8271ec7765\gdiplus.dll
0x000007fefaff0000 - 0x000007fefb11a000 	C:\Windows\system32\WindowsCodecs.dll
0x000007fef65d0000 - 0x000007fef66f5000 	C:\Windows\system32\dbghelp.dll

VM Arguments:
jvm_args: -Djava.library.path=C:\Users\alex.yang\git\java-swing-practice\WebGamePractice\lib\natives-win -Dfile.encoding=Cp1252 
java_command: game.Game
Launcher Type: SUN_STANDARD

Environment Variables:
JAVA_HOME=C:\Program Files\Java\jdk1.7.0_40
PATH=C:/Program Files/Java/jdk1.7.0_40/bin/../jre/bin/server;C:/Program Files/Java/jdk1.7.0_40/bin/../jre/bin;C:/Program Files/Java/jdk1.7.0_40/bin/../jre/lib/amd64;C:\Program Files (x86)\GnuWin32\bin;C:\Program Files\UnxUtils;C:\Program Files\Java\jdk1.7.0_40\bin;C:\development_apps\oracle\product\11.2.0\client_1\bin;C:\Windows\system32;C:\Windows;C:\Windows\System32\Wbem;C:\Windows\System32\WindowsPowerShell\v1.0\;c:\Program Files (x86)\Microsoft SQL Server\100\Tools\Binn\;c:\Program Files\Microsoft SQL Server\100\Tools\Binn\;c:\Program Files\Microsoft SQL Server\100\DTS\Binn\;C:\Program Files\apache-maven-3.0.4\bin;C:\Program Files\Microsoft\Web Platform Installer\;C:\Program Files (x86)\Microsoft ASP.NET\ASP.NET Web Pages\v1.0\;C:\Program Files\Microsoft SQL Server\110\Tools\Binn\;C:\Program Files\Java\jdk1.7.0_40\bin;C:\Program Files\SlikSvn\bin;C:\development_apps\TortoiseSVN\bin;U:\Java Development\eclipse-jee-juno-SR2-win32-x86_64\eclipse;
USERNAME=alex.yang
OS=Windows_NT
PROCESSOR_IDENTIFIER=AMD64 Family 15 Model 107 Stepping 2, AuthenticAMD



---------------  S Y S T E M  ---------------

OS: Windows 7 , 64 bit Build 7601 Service Pack 1

CPU:total 2 (2 cores per cpu, 1 threads per core) family 15 model 107 stepping 2, cmov, cx8, fxsr, mmx, sse, sse2, sse3, mmxext, 3dnowpref, tsc

Memory: 4k page, physical 5242168k(2221204k free), swap 10482476k(6924564k free)

vm_info: Java HotSpot(TM) 64-Bit Server VM (24.0-b56) for windows-amd64 JRE (1.7.0_40-b43), built on Aug 26 2013 22:38:32 by "java_re" with unknown MS VC++:1600

time: Wed Dec 18 16:41:52 2013
elapsed time: 1 seconds

