#
# A fatal error has been detected by the Java Runtime Environment:
#
#  EXCEPTION_ACCESS_VIOLATION (0xc0000005) at pc=0x00000000697f5480, pid=6908, tid=6416
#
# JRE version: Java(TM) SE Runtime Environment (7.0_40-b43) (build 1.7.0_40-b43)
# Java VM: Java HotSpot(TM) 64-Bit Server VM (24.0-b56 mixed mode windows-amd64 compressed oops)
# Problematic frame:
# C  [atio6axx.dll+0x7c5480]
#
# Failed to write core dump. Minidumps are not enabled by default on client versions of Windows
#
# If you would like to submit a bug report, please visit:
#   http://bugreport.sun.com/bugreport/crash.jsp
# The crash happened outside the Java Virtual Machine in native code.
# See problematic frame for where to report the bug.
#

---------------  T H R E A D  ---------------

Current thread (0x000000000251f000):  JavaThread "main" [_thread_in_native, id=6416, stack(0x0000000002630000,0x0000000002730000)]

siginfo: ExceptionCode=0xc0000005, reading address 0x0000000000000000

Registers:
RAX=0x0000000000000003, RBX=0x000000000f0ad000, RCX=0x000000000f0ad000, RDX=0x0000000000000000
RSP=0x000000000272ec60, RBP=0x0000000000000000, RSI=0x0000000000000840, RDI=0x0000000000000030
R8 =0x000000000f0ad030, R9 =0xfffffffff0f53000, R10=0x000000000f0ad011, R11=0x0000000000000000
R12=0x000000006a515200, R13=0x000000000e3da4c0, R14=0x0000000000000003, R15=0x0000000000000001
RIP=0x00000000697f5480, EFLAGS=0x0000000000010287

Top of Stack: (sp=0x000000000272ec60)
0x000000000272ec60:   0000000000000010 00000000698f1337
0x000000000272ec70:   000000000001d000 0000000000000000
0x000000000272ec80:   000000000003fc00 000000000bc98dc0
0x000000000272ec90:   000000000bc58500 000000000e2d05c8
0x000000000272eca0:   0000000000000010 000000000e2cfd70
0x000000000272ecb0:   000000000e2cfd80 000000006a1ca66b
0x000000000272ecc0:   0000000000000002 0000000000000010
0x000000000272ecd0:   0000000000000008 00000000690f07e1
0x000000000272ece0:   000000000003fc00 0000000000000000
0x000000000272ecf0:   000000000bc58500 000000000e2d05c8
0x000000000272ed00:   0000000000000030 000000000bc5d530
0x000000000272ed10:   000000000e2210d0 000000006a1ca66b
0x000000000272ed20:   0000000000000002 0000000000000030
0x000000000272ed30:   0000000000000040 0000000000000000
0x000000000272ed40:   0000000000000008 00000000690f07e1
0x000000000272ed50:   0000000000000000 000000000bc5d530 

Instructions: (pc=0x00000000697f5480)
0x00000000697f5460:   ef 48 83 c4 08 c3 45 8b c0 4c 03 c1 4d 8d 50 e1
0x00000000697f5470:   49 3b ca 73 38 4c 8b ca 4c 2b c9 0f 1f 44 00 00
0x00000000697f5480:   48 8b 02 48 83 c1 20 48 83 c2 20 48 89 41 e0 49
0x00000000697f5490:   8b 44 09 e8 48 89 41 e8 48 8b 42 f0 48 89 41 f0 


Register to memory mapping:

RAX=0x0000000000000003 is an unknown value
RBX=0x000000000f0ad000 is an unknown value
RCX=0x000000000f0ad000 is an unknown value
RDX=0x0000000000000000 is an unknown value
RSP=0x000000000272ec60 is pointing into the stack for thread: 0x000000000251f000
RBP=0x0000000000000000 is an unknown value
RSI=0x0000000000000840 is an unknown value
RDI=0x0000000000000030 is an unknown value
R8 =0x000000000f0ad030 is an unknown value
R9 =0xfffffffff0f53000 is an unknown value
R10=0x000000000f0ad011 is an unknown value
R11=0x0000000000000000 is an unknown value
R12=0x000000006a515200 is an unknown value
R13=0x000000000e3da4c0 is an unknown value
R14=0x0000000000000003 is an unknown value
R15=0x0000000000000001 is an unknown value


Stack: [0x0000000002630000,0x0000000002730000],  sp=0x000000000272ec60,  free space=1019k
Native frames: (J=compiled Java code, j=interpreted, Vv=VM code, C=native code)
C  [atio6axx.dll+0x7c5480]

[error occurred during error reporting (printing native stack), id 0xc0000005]

Java frames: (J=compiled Java code, j=interpreted, Vv=VM code)
j  org.lwjgl.opengl.GL11.nglDrawArrays(IIIJ)V+0
j  org.lwjgl.opengl.GL11.glDrawArrays(III)V+20
j  game.Game.draw()V+36
j  game.Game.render()V+7
j  game.Game.start()V+63
j  game.Game.main([Ljava/lang/String;)V+7
v  ~StubRoutines::call_stub

---------------  P R O C E S S  ---------------

Java Threads: ( => current thread )
  0x0000000008dd8000 JavaThread "Service Thread" daemon [_thread_blocked, id=6608, stack(0x000000000a040000,0x000000000a140000)]
  0x0000000008dcc000 JavaThread "C2 CompilerThread1" daemon [_thread_blocked, id=6720, stack(0x0000000009e90000,0x0000000009f90000)]
  0x0000000008dc2800 JavaThread "C2 CompilerThread0" daemon [_thread_blocked, id=5584, stack(0x0000000009960000,0x0000000009a60000)]
  0x0000000008dc1000 JavaThread "Attach Listener" daemon [_thread_blocked, id=5928, stack(0x0000000009d20000,0x0000000009e20000)]
  0x0000000008dbf800 JavaThread "Signal Dispatcher" daemon [_thread_blocked, id=5200, stack(0x0000000009bf0000,0x0000000009cf0000)]
  0x000000000241f000 JavaThread "Finalizer" daemon [_thread_blocked, id=2876, stack(0x0000000009a60000,0x0000000009b60000)]
  0x0000000002419000 JavaThread "Reference Handler" daemon [_thread_blocked, id=1540, stack(0x0000000009860000,0x0000000009960000)]
=>0x000000000251f000 JavaThread "main" [_thread_in_native, id=6416, stack(0x0000000002630000,0x0000000002730000)]

Other Threads:
  0x0000000008d62000 VMThread [stack: 0x0000000009760000,0x0000000009860000] [id=6896]
  0x0000000008de1800 WatcherThread [stack: 0x000000000a160000,0x000000000a260000] [id=6604]

VM state:not at safepoint (normal execution)

VM Mutex/Monitor currently owned by a thread: None

Heap
 PSYoungGen      total 24576K, used 3843K [0x00000000e5500000, 0x00000000e7000000, 0x0000000100000000)
  eden space 21504K, 17% used [0x00000000e5500000,0x00000000e58c0ca8,0x00000000e6a00000)
  from space 3072K, 0% used [0x00000000e6d00000,0x00000000e6d00000,0x00000000e7000000)
  to   space 3072K, 0% used [0x00000000e6a00000,0x00000000e6a00000,0x00000000e6d00000)
 ParOldGen       total 54272K, used 0K [0x00000000b0000000, 0x00000000b3500000, 0x00000000e5500000)
  object space 54272K, 0% used [0x00000000b0000000,0x00000000b0000000,0x00000000b3500000)
 PSPermGen       total 21504K, used 4109K [0x00000000aae00000, 0x00000000ac300000, 0x00000000b0000000)
  object space 21504K, 19% used [0x00000000aae00000,0x00000000ab203670,0x00000000ac300000)

Card table byte_map: [0x0000000005730000,0x00000000059e0000] byte_map_base: 0x00000000051d9000

Polling page: 0x0000000000250000

Code Cache  [0x0000000002730000, 0x00000000029a0000, 0x0000000005730000)
 total_blobs=321 nmethods=20 adapters=255 free_code_cache=48687Kb largest_free_block=49845248

Compilation events (10 events):
Event: 0.799 Thread 0x0000000008dcc000   16             java.nio.DirectByteBuffer::put (17 bytes)
Event: 0.800 Thread 0x0000000008dcc000 nmethod 16 0x00000000027a3790 code [0x00000000027a38c0, 0x00000000027a3958]
Event: 0.800 Thread 0x0000000008dcc000   17             java.nio.Buffer::nextGetIndex (31 bytes)
Event: 0.800 Thread 0x0000000008dcc000 nmethod 17 0x00000000027a3550 code [0x00000000027a3680, 0x00000000027a36f8]
Event: 0.800 Thread 0x0000000008dcc000   18             java.nio.StringCharBuffer::get (19 bytes)
Event: 0.802 Thread 0x0000000008dcc000 nmethod 18 0x00000000027a30d0 code [0x00000000027a3220, 0x00000000027a3358]
Event: 0.802 Thread 0x0000000008dcc000   19             org.lwjgl.MemoryUtil$CharSequenceNT::charAt (28 bytes)
Event: 0.804 Thread 0x0000000008dcc000 nmethod 19 0x00000000027a2d50 code [0x00000000027a2ea0, 0x00000000027a2f78]
Event: 0.815 Thread 0x0000000008dcc000   20             java.lang.String::equals (81 bytes)
Event: 0.819 Thread 0x0000000008dcc000 nmethod 20 0x00000000027a2850 code [0x00000000027a29a0, 0x00000000027a2bd8]

GC Heap History (0 events):
No events

Deoptimization events (0 events):
No events

Internal exceptions (10 events):
Event: 0.716 Thread 0x000000000251f000 Threw 0x00000000e5790a78 at C:\jdk7u2_64p\jdk7u40\hotspot\src\share\vm\prims\jvm.cpp:1244
Event: 0.719 Thread 0x000000000251f000 Threw 0x00000000e5794f48 at C:\jdk7u2_64p\jdk7u40\hotspot\src\share\vm\prims\jvm.cpp:1244
Event: 0.729 Thread 0x000000000251f000 Threw 0x00000000e57ce950 at C:\jdk7u2_64p\jdk7u40\hotspot\src\share\vm\prims\jvm.cpp:1244
Event: 0.732 Thread 0x000000000251f000 Threw 0x00000000e57d6fc0 at C:\jdk7u2_64p\jdk7u40\hotspot\src\share\vm\prims\jvm.cpp:1244
Event: 0.739 Thread 0x000000000251f000 Threw 0x00000000e58025c0 at C:\jdk7u2_64p\jdk7u40\hotspot\src\share\vm\prims\jvm.cpp:1244
Event: 0.840 Thread 0x000000000251f000 Threw 0x00000000e588cb50 at C:\jdk7u2_64p\jdk7u40\hotspot\src\share\vm\prims\jvm.cpp:1244
Event: 0.939 Thread 0x000000000251f000 Threw 0x00000000e5891730 at C:\jdk7u2_64p\jdk7u40\hotspot\src\share\vm\prims\jvm.cpp:1244
Event: 0.941 Thread 0x000000000251f000 Threw 0x00000000e5898250 at C:\jdk7u2_64p\jdk7u40\hotspot\src\share\vm\prims\jvm.cpp:1244
Event: 1.145 Thread 0x000000000251f000 Threw 0x00000000e58b0370 at C:\jdk7u2_64p\jdk7u40\hotspot\src\share\vm\prims\jvm.cpp:1244
Event: 1.175 Thread 0x000000000251f000 Threw 0x00000000e58bc678 at C:\jdk7u2_64p\jdk7u40\hotspot\src\share\vm\prims\jvm.cpp:1244

Events (10 events):
Event: 0.939 loading class 0x0000000008dfbbf0
Event: 0.939 loading class 0x0000000008dfbbf0 done
Event: 0.941 loading class 0x0000000008de45c0
Event: 0.941 loading class 0x0000000008de45c0 done
Event: 1.145 loading class 0x00000000023aec80
Event: 1.145 loading class 0x00000000023aec80 done
Event: 1.145 loading class 0x0000000008dd9180
Event: 1.145 loading class 0x0000000008dd9180 done
Event: 1.175 loading class 0x000000000a411eb0
Event: 1.175 loading class 0x000000000a411eb0 done


Dynamic libraries:
0x000000013fb00000 - 0x000000013fb33000 	C:\Program Files\Java\jdk1.7.0_40\bin\javaw.exe
0x0000000076dd0000 - 0x0000000076f79000 	C:\Windows\SYSTEM32\ntdll.dll
0x0000000076cb0000 - 0x0000000076dcf000 	C:\Windows\system32\kernel32.dll
0x000007fefd080000 - 0x000007fefd0eb000 	C:\Windows\system32\KERNELBASE.dll
0x000007fefe3f0000 - 0x000007fefe4cb000 	C:\Windows\system32\ADVAPI32.dll
0x000007feff040000 - 0x000007feff0df000 	C:\Windows\system32\msvcrt.dll
0x000007fefe4d0000 - 0x000007fefe4ef000 	C:\Windows\SYSTEM32\sechost.dll
0x000007fefee40000 - 0x000007fefef6d000 	C:\Windows\system32\RPCRT4.dll
0x0000000076bb0000 - 0x0000000076caa000 	C:\Windows\system32\USER32.dll
0x000007fefd0f0000 - 0x000007fefd157000 	C:\Windows\system32\GDI32.dll
0x000007fefd160000 - 0x000007fefd16e000 	C:\Windows\system32\LPK.dll
0x000007fefef70000 - 0x000007feff039000 	C:\Windows\system32\USP10.dll
0x000007fefb900000 - 0x000007fefbaf4000 	C:\Windows\WinSxS\amd64_microsoft.windows.common-controls_6595b64144ccf1df_6.0.7601.17514_none_fa396087175ac9ac\COMCTL32.dll
0x000007fefe770000 - 0x000007fefe7e1000 	C:\Windows\system32\SHLWAPI.dll
0x000007fefeb00000 - 0x000007fefeb2e000 	C:\Windows\system32\IMM32.DLL
0x000007fefe970000 - 0x000007fefea79000 	C:\Windows\system32\MSCTF.dll
0x0000000074ac0000 - 0x0000000074af8000 	C:\PROGRA~2\Sophos\SOPHOS~1\SOPHOS~2.DLL
0x0000000076fa0000 - 0x0000000076fa7000 	C:\Windows\system32\PSAPI.DLL
0x0000000060d60000 - 0x0000000060e31000 	C:\Program Files\Java\jdk1.7.0_40\jre\bin\msvcr100.dll
0x000000006bab0000 - 0x000000006c279000 	C:\Program Files\Java\jdk1.7.0_40\jre\bin\server\jvm.dll
0x000007fef9060000 - 0x000007fef9069000 	C:\Windows\system32\WSOCK32.dll
0x000007fefe7f0000 - 0x000007fefe83d000 	C:\Windows\system32\WS2_32.dll
0x000007fefeb30000 - 0x000007fefeb38000 	C:\Windows\system32\NSI.dll
0x000007fefaae0000 - 0x000007fefab1b000 	C:\Windows\system32\WINMM.dll
0x0000000072770000 - 0x000000007277f000 	C:\Program Files\Java\jdk1.7.0_40\jre\bin\verify.dll
0x000000006eb60000 - 0x000000006eb88000 	C:\Program Files\Java\jdk1.7.0_40\jre\bin\java.dll
0x000000006eba0000 - 0x000000006ebb5000 	C:\Program Files\Java\jdk1.7.0_40\jre\bin\zip.dll
0x0000000180000000 - 0x0000000180051000 	C:\Users\alex.yang\git\java-swing-practice\WebGamePractice\lib\natives-win\lwjgl64.dll
0x000007fef0910000 - 0x000007fef0a2d000 	C:\Windows\system32\OPENGL32.dll
0x000007fef20b0000 - 0x000007fef20dd000 	C:\Windows\system32\GLU32.dll
0x000007feef3f0000 - 0x000007feef4e1000 	C:\Windows\system32\DDRAW.dll
0x000007fefabd0000 - 0x000007fefabd8000 	C:\Windows\system32\DCIMAN32.dll
0x000007fefdf60000 - 0x000007fefe137000 	C:\Windows\system32\SETUPAPI.dll
0x000007fefcfe0000 - 0x000007fefd016000 	C:\Windows\system32\CFGMGR32.dll
0x000007fefe4f0000 - 0x000007fefe5c7000 	C:\Windows\system32\OLEAUT32.dll
0x000007fefe140000 - 0x000007fefe343000 	C:\Windows\system32\ole32.dll
0x000007fefd060000 - 0x000007fefd07a000 	C:\Windows\system32\DEVOBJ.dll
0x000007fefb340000 - 0x000007fefb358000 	C:\Windows\system32\dwmapi.dll
0x000007fefbe20000 - 0x000007fefbe2c000 	C:\Windows\system32\VERSION.dll
0x000007fefb8a0000 - 0x000007fefb8f6000 	C:\Windows\system32\uxtheme.dll
0x000007fef3d60000 - 0x000007fef3fc8000 	C:\Windows\winipbin\svrltmgr.dll
0x000007fef9130000 - 0x000007fef9148000 	C:\Windows\system32\MPR.dll
0x000007fefd1d0000 - 0x000007fefdf58000 	C:\Windows\system32\SHELL32.dll
0x000007fefcbc0000 - 0x000007fefcbe5000 	C:\Windows\system32\SspiCli.dll
0x000007fefcb90000 - 0x000007fefcb9b000 	C:\Windows\system32\secur32.dll
0x000007fef2a40000 - 0x000007fef2a94000 	C:\Windows\system32\OLEACC.DLL
0x000007fef8550000 - 0x000007fef8558000 	C:\Windows\system32\atig6pxx.dll
0x0000000069030000 - 0x000000006a67b000 	C:\Windows\system32\atio6axx.dll
0x000007fef84a0000 - 0x000007fef84ae000 	C:\Windows\system32\atig6txx.dll
0x0000000070580000 - 0x0000000070648000 	C:\Windows\system32\aticfx64.dll
0x00000000096b0000 - 0x000000000970d000 	C:\Windows\system32\atiadlxx.dll
0x000007fefc040000 - 0x000007fefc05e000 	C:\Windows\system32\USERENV.dll
0x000007fefcd20000 - 0x000007fefcd2f000 	C:\Windows\system32\profapi.dll
0x000007fefbe60000 - 0x000007fefbe71000 	C:\Windows\system32\WTSAPI32.dll
0x0000000005b90000 - 0x0000000005bc9000 	C:\Windows\system32\WINTRUST.dll
0x000007fefcdd0000 - 0x000007fefcf3a000 	C:\Windows\system32\CRYPT32.dll
0x000007fefcdc0000 - 0x000007fefcdcf000 	C:\Windows\system32\MSASN1.dll
0x000007fefcc50000 - 0x000007fefcc5f000 	C:\Windows\system32\CRYPTBASE.dll
0x000007fefeda0000 - 0x000007fefee39000 	C:\Windows\system32\CLBCatQ.DLL
0x000007fef2240000 - 0x000007fef22dc000 	C:\Windows\system32\mscms.dll
0x000007fef19a0000 - 0x000007fef19e2000 	C:\Windows\system32\icm32.dll
0x00000000725d0000 - 0x0000000072620000 	C:\Program Files\UltraMon\RTSUltraMonHook.dll
0x000007fefa2c0000 - 0x000007fefa5d7000 	C:\Windows\system32\msi.dll
0x0000000072410000 - 0x0000000072461000 	C:\Program Files\UltraMon\UltraMonResButtons.dll
0x000007fefb680000 - 0x000007fefb896000 	C:\Windows\WinSxS\amd64_microsoft.windows.gdiplus_6595b64144ccf1df_1.1.7601.17825_none_2b253c8271ec7765\gdiplus.dll
0x000007fefaff0000 - 0x000007fefb11a000 	C:\Windows\system32\WindowsCodecs.dll
0x000007fef65d0000 - 0x000007fef66f5000 	C:\Windows\system32\dbghelp.dll

VM Arguments:
jvm_args: -Djava.library.path=C:\Users\alex.yang\git\java-swing-practice\WebGamePractice\lib\natives-win -Dfile.encoding=Cp1252 
java_command: game.Game
Launcher Type: SUN_STANDARD

Environment Variables:
JAVA_HOME=C:\Program Files\Java\jdk1.7.0_40
PATH=C:/Program Files/Java/jdk1.7.0_40/bin/../jre/bin/server;C:/Program Files/Java/jdk1.7.0_40/bin/../jre/bin;C:/Program Files/Java/jdk1.7.0_40/bin/../jre/lib/amd64;C:\Program Files (x86)\GnuWin32\bin;C:\Program Files\UnxUtils;C:\Program Files\Java\jdk1.7.0_40\bin;C:\development_apps\oracle\product\11.2.0\client_1\bin;C:\Windows\system32;C:\Windows;C:\Windows\System32\Wbem;C:\Windows\System32\WindowsPowerShell\v1.0\;c:\Program Files (x86)\Microsoft SQL Server\100\Tools\Binn\;c:\Program Files\Microsoft SQL Server\100\Tools\Binn\;c:\Program Files\Microsoft SQL Server\100\DTS\Binn\;C:\Program Files\apache-maven-3.0.4\bin;C:\Program Files\Microsoft\Web Platform Installer\;C:\Program Files (x86)\Microsoft ASP.NET\ASP.NET Web Pages\v1.0\;C:\Program Files\Microsoft SQL Server\110\Tools\Binn\;C:\Program Files\Java\jdk1.7.0_40\bin;C:\Program Files\SlikSvn\bin;C:\development_apps\TortoiseSVN\bin;U:\Java Development\eclipse-jee-juno-SR2-win32-x86_64\eclipse;
USERNAME=alex.yang
OS=Windows_NT
PROCESSOR_IDENTIFIER=AMD64 Family 15 Model 107 Stepping 2, AuthenticAMD



---------------  S Y S T E M  ---------------

OS: Windows 7 , 64 bit Build 7601 Service Pack 1

CPU:total 2 (2 cores per cpu, 1 threads per core) family 15 model 107 stepping 2, cmov, cx8, fxsr, mmx, sse, sse2, sse3, mmxext, 3dnowpref, tsc

Memory: 4k page, physical 5242168k(2225596k free), swap 10482476k(6930288k free)

vm_info: Java HotSpot(TM) 64-Bit Server VM (24.0-b56) for windows-amd64 JRE (1.7.0_40-b43), built on Aug 26 2013 22:38:32 by "java_re" with unknown MS VC++:1600

time: Wed Dec 18 17:01:01 2013
elapsed time: 1 seconds

